<?xml version="1.0" encoding="UTF-8"?>
<testsuite xmlns:xsi="http://www.w3.org/2001/XMLSchema-instance" xsi:noNamespaceSchemaLocation="https://maven.apache.org/surefire/maven-surefire-plugin/xsd/surefire-test-report-3.0.xsd" version="3.0" name="TestSuite" time="11.677" tests="10" errors="0" skipped="0" failures="0">
  <properties>
    <property name="awt.toolkit" value="sun.awt.X11.XToolkit"/>
    <property name="java.specification.version" value="11"/>
    <property name="sun.cpu.isalist" value=""/>
    <property name="sun.jnu.encoding" value="UTF-8"/>
    <property name="java.class.path" value="/app/target/test-classes:/app/target/classes:/root/.m2/repository/org/testng/testng/7.8.0/testng-7.8.0.jar:/root/.m2/repository/com/beust/jcommander/1.82/jcommander-1.82.jar:/root/.m2/repository/org/webjars/jquery/3.6.1/jquery-3.6.1.jar:/root/.m2/repository/io/rest-assured/rest-assured/5.4.0/rest-assured-5.4.0.jar:/root/.m2/repository/org/apache/groovy/groovy/4.0.16/groovy-4.0.16.jar:/root/.m2/repository/org/apache/groovy/groovy-xml/4.0.16/groovy-xml-4.0.16.jar:/root/.m2/repository/org/apache/httpcomponents/httpclient/4.5.13/httpclient-4.5.13.jar:/root/.m2/repository/org/apache/httpcomponents/httpcore/4.4.13/httpcore-4.4.13.jar:/root/.m2/repository/commons-logging/commons-logging/1.2/commons-logging-1.2.jar:/root/.m2/repository/commons-codec/commons-codec/1.11/commons-codec-1.11.jar:/root/.m2/repository/org/apache/httpcomponents/httpmime/4.5.13/httpmime-4.5.13.jar:/root/.m2/repository/org/hamcrest/hamcrest/2.2/hamcrest-2.2.jar:/root/.m2/repository/org/ccil/cowan/tagsoup/tagsoup/1.2.1/tagsoup-1.2.1.jar:/root/.m2/repository/io/rest-assured/json-path/5.4.0/json-path-5.4.0.jar:/root/.m2/repository/org/apache/groovy/groovy-json/4.0.16/groovy-json-4.0.16.jar:/root/.m2/repository/io/rest-assured/rest-assured-common/5.4.0/rest-assured-common-5.4.0.jar:/root/.m2/repository/io/rest-assured/xml-path/5.4.0/xml-path-5.4.0.jar:/root/.m2/repository/org/apache/commons/commons-lang3/3.11/commons-lang3-3.11.jar:/root/.m2/repository/com/fasterxml/jackson/core/jackson-databind/2.15.2/jackson-databind-2.15.2.jar:/root/.m2/repository/com/fasterxml/jackson/core/jackson-annotations/2.15.2/jackson-annotations-2.15.2.jar:/root/.m2/repository/com/fasterxml/jackson/core/jackson-core/2.15.2/jackson-core-2.15.2.jar:/root/.m2/repository/org/slf4j/slf4j-api/2.0.9/slf4j-api-2.0.9.jar:/root/.m2/repository/ch/qos/logback/logback-classic/1.4.11/logback-classic-1.4.11.jar:/root/.m2/repository/ch/qos/logback/logback-core/1.4.11/logback-core-1.4.11.jar:"/>
    <property name="java.vm.vendor" value="Oracle Corporation"/>
    <property name="sun.arch.data.model" value="64"/>
    <property name="java.vendor.url" value="https://openjdk.java.net/"/>
    <property name="user.timezone" value="Etc/UTC"/>
    <property name="java.vm.specification.version" value="11"/>
    <property name="os.name" value="Linux"/>
    <property name="sun.java.launcher" value="SUN_STANDARD"/>
    <property name="sun.boot.library.path" value="/usr/local/openjdk-11/lib"/>
    <property name="sun.java.command" value="/app/target/surefire/surefirebooter-20250414151550015_3.jar /app/target/surefire 2025-04-14T15-15-49_415-jvmRun1 surefire-20250414151550015_1tmp surefire_0-20250414151550015_2tmp"/>
    <property name="jdk.debug" value="release"/>
    <property name="surefire.test.class.path" value="/app/target/test-classes:/app/target/classes:/root/.m2/repository/org/testng/testng/7.8.0/testng-7.8.0.jar:/root/.m2/repository/com/beust/jcommander/1.82/jcommander-1.82.jar:/root/.m2/repository/org/webjars/jquery/3.6.1/jquery-3.6.1.jar:/root/.m2/repository/io/rest-assured/rest-assured/5.4.0/rest-assured-5.4.0.jar:/root/.m2/repository/org/apache/groovy/groovy/4.0.16/groovy-4.0.16.jar:/root/.m2/repository/org/apache/groovy/groovy-xml/4.0.16/groovy-xml-4.0.16.jar:/root/.m2/repository/org/apache/httpcomponents/httpclient/4.5.13/httpclient-4.5.13.jar:/root/.m2/repository/org/apache/httpcomponents/httpcore/4.4.13/httpcore-4.4.13.jar:/root/.m2/repository/commons-logging/commons-logging/1.2/commons-logging-1.2.jar:/root/.m2/repository/commons-codec/commons-codec/1.11/commons-codec-1.11.jar:/root/.m2/repository/org/apache/httpcomponents/httpmime/4.5.13/httpmime-4.5.13.jar:/root/.m2/repository/org/hamcrest/hamcrest/2.2/hamcrest-2.2.jar:/root/.m2/repository/org/ccil/cowan/tagsoup/tagsoup/1.2.1/tagsoup-1.2.1.jar:/root/.m2/repository/io/rest-assured/json-path/5.4.0/json-path-5.4.0.jar:/root/.m2/repository/org/apache/groovy/groovy-json/4.0.16/groovy-json-4.0.16.jar:/root/.m2/repository/io/rest-assured/rest-assured-common/5.4.0/rest-assured-common-5.4.0.jar:/root/.m2/repository/io/rest-assured/xml-path/5.4.0/xml-path-5.4.0.jar:/root/.m2/repository/org/apache/commons/commons-lang3/3.11/commons-lang3-3.11.jar:/root/.m2/repository/com/fasterxml/jackson/core/jackson-databind/2.15.2/jackson-databind-2.15.2.jar:/root/.m2/repository/com/fasterxml/jackson/core/jackson-annotations/2.15.2/jackson-annotations-2.15.2.jar:/root/.m2/repository/com/fasterxml/jackson/core/jackson-core/2.15.2/jackson-core-2.15.2.jar:/root/.m2/repository/org/slf4j/slf4j-api/2.0.9/slf4j-api-2.0.9.jar:/root/.m2/repository/ch/qos/logback/logback-classic/1.4.11/logback-classic-1.4.11.jar:/root/.m2/repository/ch/qos/logback/logback-core/1.4.11/logback-core-1.4.11.jar:"/>
    <property name="sun.cpu.endian" value="little"/>
    <property name="user.home" value="/root"/>
    <property name="user.language" value="en"/>
    <property name="java.specification.vendor" value="Oracle Corporation"/>
    <property name="java.version.date" value="2022-07-19"/>
    <property name="java.home" value="/usr/local/openjdk-11"/>
    <property name="file.separator" value="/"/>
    <property name="basedir" value="/app"/>
    <property name="java.vm.compressedOopsMode" value="32-bit"/>
    <property name="line.separator" value="&#10;"/>
    <property name="java.specification.name" value="Java Platform API Specification"/>
    <property name="java.vm.specification.vendor" value="Oracle Corporation"/>
    <property name="java.awt.graphicsenv" value="sun.awt.X11GraphicsEnvironment"/>
    <property name="surefire.real.class.path" value="/app/target/surefire/surefirebooter-20250414151550015_3.jar"/>
    <property name="sun.management.compiler" value="HotSpot 64-Bit Tiered Compilers"/>
    <property name="java.runtime.version" value="11.0.16+8"/>
    <property name="user.name" value="root"/>
    <property name="path.separator" value=":"/>
    <property name="os.version" value="6.10.14-linuxkit"/>
    <property name="java.runtime.name" value="OpenJDK Runtime Environment"/>
    <property name="file.encoding" value="UTF-8"/>
    <property name="java.vm.name" value="OpenJDK 64-Bit Server VM"/>
    <property name="java.vendor.version" value="18.9"/>
    <property name="localRepository" value="/root/.m2/repository"/>
    <property name="java.vendor.url.bug" value="https://bugreport.java.com/bugreport/"/>
    <property name="java.io.tmpdir" value="/tmp"/>
    <property name="java.version" value="11.0.16"/>
    <property name="user.dir" value="/app"/>
    <property name="os.arch" value="aarch64"/>
    <property name="java.vm.specification.name" value="Java Virtual Machine Specification"/>
    <property name="java.awt.printerjob" value="sun.print.PSPrinterJob"/>
    <property name="sun.os.patch.level" value="unknown"/>
    <property name="java.library.path" value="/usr/java/packages/lib:/lib:/usr/lib:/usr/lib64:/lib64"/>
    <property name="java.vm.info" value="mixed mode, sharing"/>
    <property name="java.vendor" value="Oracle Corporation"/>
    <property name="java.vm.version" value="11.0.16+8"/>
    <property name="sun.io.unicode.encoding" value="UnicodeLittle"/>
    <property name="java.class.version" value="55.0"/>
  </properties>
  <testcase name="testDebug" classname="com.n26.challenge.tests.PetDeleteTests" time="0.015">
    <system-out><![CDATA[Debug test in PetDeleteTests is running!
]]></system-out>
  </testcase>
  <testcase name="testDeletePetWithValidId" classname="com.n26.challenge.tests.PetDeleteTests" time="1.771">
    <system-out><![CDATA[testDeletePetWithValidId is running! Pet ID: 2239
Retry 1: GET response status code: 404
]]></system-out>
  </testcase>
  <testcase name="testGetPetWithNonExistentId" classname="com.n26.challenge.tests.PetReadTests" time="0.503"/>
  <testcase name="testGetPetWithValidId" classname="com.n26.challenge.tests.PetReadTests" time="1.048"/>
  <testcase name="testCreatePetWithInvalidStatus" classname="com.n26.challenge.tests.PetCreateTests" time="0.503"/>
  <testcase name="testCreatePetWithMissingName" classname="com.n26.challenge.tests.PetCreateTests" time="0.512"/>
  <testcase name="testCreatePetWithValidData" classname="com.n26.challenge.tests.PetCreateTests" time="0.512"/>
  <testcase name="testUpdateNonExistentPet" classname="com.n26.challenge.tests.PetUpdateTests" time="0.512"/>
  <testcase name="testUpdatePetWithInvalidData" classname="com.n26.challenge.tests.PetUpdateTests" time="1.517"/>
  <testcase name="testUpdatePetWithValidData" classname="com.n26.challenge.tests.PetUpdateTests" time="1.564"/>
</testsuite>