<?xml version="1.0" encoding="UTF-8"?>
<!-- Generated by org.testng.reporters.JUnitReportReporter -->
<testsuite hostname="1b64fb9f0b16" failures="0" tests="2" name="com.n26.challenge.tests.PetReadTests" time="1.435" errors="0" timestamp="2025-04-14T15:08:01 UTC" skipped="0">
  <testcase classname="com.n26.challenge.tests.PetReadTests" name="testGetPetWithValidId" time="0.968"/>
  <testcase classname="com.n26.challenge.tests.PetReadTests" name="testGetPetWithNonExistentId" time="0.467"/>
</testsuite> <!-- com.n26.challenge.tests.PetReadTests -->
