<?xml version="1.0" encoding="UTF-8"?>
<!-- Generated by org.testng.reporters.JUnitReportReporter -->
<testsuite hostname="1b64fb9f0b16" failures="0" tests="3" name="com.n26.challenge.tests.PetCreateTests" time="1.426" errors="0" timestamp="2025-04-14T15:08:01 UTC" skipped="0">
  <testcase classname="com.n26.challenge.tests.PetCreateTests" name="testCreatePetWithInvalidStatus" time="0.471"/>
  <testcase classname="com.n26.challenge.tests.PetCreateTests" name="testCreatePetWithValidData" time="0.474"/>
  <testcase classname="com.n26.challenge.tests.PetCreateTests" name="testCreatePetWithMissingName" time="0.481"/>
</testsuite> <!-- com.n26.challenge.tests.PetCreateTests -->
