<?xml version="1.0" encoding="UTF-8"?>
<!-- Generated by org.testng.reporters.JUnitReportReporter -->
<testsuite hostname="1b64fb9f0b16" failures="0" tests="3" name="com.n26.challenge.tests.PetUpdateTests" time="3.431" errors="0" timestamp="2025-04-14T15:08:01 UTC" skipped="0">
  <testcase classname="com.n26.challenge.tests.PetUpdateTests" name="testUpdatePetWithValidData" time="1.454"/>
  <testcase classname="com.n26.challenge.tests.PetUpdateTests" name="testUpdatePetWithInvalidData" time="1.468"/>
  <testcase classname="com.n26.challenge.tests.PetUpdateTests" name="testUpdateNonExistentPet" time="0.509"/>
</testsuite> <!-- com.n26.challenge.tests.PetUpdateTests -->
