<?xml version="1.0" encoding="UTF-8"?>
<!-- Generated by org.testng.reporters.JUnitReportReporter -->
<testsuite hostname="a839700c8c1a" failures="0" tests="2" name="com.n26.challenge.tests.PetDeleteTests" time="3.777" errors="0" timestamp="2025-04-14T15:16:01 UTC" skipped="0">
  <testcase classname="com.n26.challenge.tests.PetDeleteTests" name="testDeletePetWithValidId" time="3.269"/>
  <testcase classname="com.n26.challenge.tests.PetDeleteTests" name="testDebug" time="0.508"/>
</testsuite> <!-- com.n26.challenge.tests.PetDeleteTests -->
