<?xml version="1.0" encoding="UTF-8"?>
<!-- Generated by org.testng.reporters.JUnitReportReporter -->
<testsuite hostname="a839700c8c1a" failures="0" tests="3" name="com.n26.challenge.tests.PetUpdateTests" time="3.589" errors="0" timestamp="2025-04-14T15:16:01 UTC" skipped="0">
  <testcase classname="com.n26.challenge.tests.PetUpdateTests" name="testUpdatePetWithValidData" time="1.561"/>
  <testcase classname="com.n26.challenge.tests.PetUpdateTests" name="testUpdateNonExistentPet" time="0.512"/>
  <testcase classname="com.n26.challenge.tests.PetUpdateTests" name="testUpdatePetWithInvalidData" time="1.516"/>
</testsuite> <!-- com.n26.challenge.tests.PetUpdateTests -->
