<?xml version="1.0" encoding="UTF-8"?>
<!-- Generated by org.testng.reporters.JUnitReportReporter -->
<testsuite hostname="a839700c8c1a" failures="0" tests="3" name="com.n26.challenge.tests.PetCreateTests" time="1.524" errors="0" timestamp="2025-04-14T15:16:01 UTC" skipped="0">
  <testcase classname="com.n26.challenge.tests.PetCreateTests" name="testCreatePetWithInvalidStatus" time="0.502"/>
  <testcase classname="com.n26.challenge.tests.PetCreateTests" name="testCreatePetWithMissingName" time="0.511"/>
  <testcase classname="com.n26.challenge.tests.PetCreateTests" name="testCreatePetWithValidData" time="0.511"/>
</testsuite> <!-- com.n26.challenge.tests.PetCreateTests -->
